<?xml version="1.0" encoding="UTF-8"?>
<!-- Generated by org.testng.reporters.JUnitXMLReporter -->
<testsuite hostname="LAPTOP-MHBSPLVF" ignored="0" name="Default test" tests="3" failures="0" timestamp="2023-03-08T13:56:37 IST" time="12.782" errors="0">
  <testcase name="AgentAssignapiGSTTest" time="7.123" classname="taxbuddyApiTest.AgentAssignmentTest"/>
  <testcase name="AgentAssignapiITRTest" time="2.043" classname="taxbuddyApiTest.AgentAssignmentTest"/>
  <testcase name="AgentAssignapiNoticeTest" time="2.566" classname="taxbuddyApiTest.AgentAssignmentTest"/>
</testsuite> <!-- Default test -->
