<?xml version="1.0" encoding="UTF-8"?>
<!-- Generated by org.testng.reporters.JUnitXMLReporter -->
<testsuite hostname="LAPTOP-MHBSPLVF" ignored="2" name="Default test" tests="1" failures="0" timestamp="2023-03-06T23:26:44 IST" time="8.3" errors="0">
  <testcase name="AgentAssignapiITRTest" time="7.373" classname="taxbuddyApiTest.AgentAssignmentTest"/>
  <testcase name="AgentAssignapiNoticeTest" time="0.0" classname="taxbuddyApiTest.AgentAssignmentTest">
    <ignored/>
  </testcase> <!-- AgentAssignapiNoticeTest -->
  <testcase name="AgentAssignapiGSTTest" time="0.0" classname="taxbuddyApiTest.AgentAssignmentTest">
    <ignored/>
  </testcase> <!-- AgentAssignapiGSTTest -->
</testsuite> <!-- Default test -->
