<?xml version="1.0" encoding="UTF-8"?>
<!-- Generated by org.testng.reporters.JUnitXMLReporter -->
<testsuite hostname="LAPTOP-MHBSPLVF" ignored="0" name="Test" tests="10" failures="0" timestamp="2023-05-19T22:16:06 IST" time="13.898" errors="0">
  <testcase name="AgentAssignapiGSTTest" time="8.397" classname="taxbuddyApiTest.AgentAssignmentTest"/>
  <testcase name="AgentAssignapiITRTest" time="0.27" classname="taxbuddyApiTest.AgentAssignmentTest"/>
  <testcase name="AgentAssignapiNoticeTest" time="0.242" classname="taxbuddyApiTest.AgentAssignmentTest"/>
  <testcase name="UpdateUserITRStatusTest" time="0.469" classname="taxbuddyApiTest.BOUserITRStatusTest"/>
  <testcase name="createNewuserTest" time="0.207" classname="taxbuddyApiTest.SignupNewUserTest"/>
  <testcase name="TbUserLoginApiTest" time="0.244" classname="taxbuddyApiTest.TBLoginApiTest"/>
  <testcase name="SmeManagementAssignedSmeTest" time="1.459" classname="taxbuddyApiTest.SmeManagementApiTest"/>
  <testcase name="GetUserProfileDetailsApiTest" time="0.195" classname="taxbuddyApiTest.UserProfileDetailsApiTest"/>
  <testcase name="GetUserStatusInfoApiTest" time="0.28" classname="taxbuddyApiTest.UserStatusInfoBOApiTest"/>
  <testcase name="GetUserSubscriptiinDetailsTest" time="0.26" classname="taxbuddyApiTest.UserSubscriptionDetailsTest"/>
</testsuite> <!-- Test -->
