<?xml version="1.0" encoding="UTF-8"?>
<!-- Generated by org.testng.reporters.JUnitXMLReporter -->
<testsuite ignored="0" hostname="LAPTOP-MHBSPLVF" failures="0" tests="3" name="Test" time="11.928" errors="0" timestamp="2023-03-06T16:46:05 IST">
  <testcase classname="taxbuddyApiTest.AgentAssignmentTest" name="AgentAssignapiGSTTest" time="6.182"/>
  <testcase classname="taxbuddyApiTest.AgentAssignmentTest" name="AgentAssignapiITRTest" time="1.688"/>
  <testcase classname="taxbuddyApiTest.AgentAssignmentTest" name="AgentAssignapiNoticeTest" time="2.859"/>
</testsuite> <!-- Test -->
